1734265434.612099 client started (59113): version 3.4, socket /tmp/tmux-1000/default, protocol 8
1734265434.612115 on Linux 6.8.0-50-generic #51-Ubuntu SMP PREEMPT_DYNAMIC Sat Nov  9 17:58:29 UTC 2024
1734265434.612118 using libevent 2.1.12-stable poll
1734265434.612120 using ncurses 6.4 20240113
1734265434.612132 flags are 0x18010000
1734265434.612142 socket is /tmp/tmux-1000/default
1734265434.612150 trying connect
1734265434.612162 connect failed: No such file or directory
1734265434.612167 lock file is /tmp/tmux-1000/default.lock
1734265434.612180 flock succeeded
1734265434.612182 got lock (6)
1734265434.612186 trying connect
1734265434.612190 connect failed: No such file or directory
1734265434.612395 add peer 0x55d8ff8a18d0: 7 ((nil))
1734265434.613210 sending message 100 to peer 0x55d8ff8a18d0 (4 bytes)
1734265434.613219 sending message 111 to peer 0x55d8ff8a18d0 (8 bytes)
1734265434.613221 sending message 101 to peer 0x55d8ff8a18d0 (15 bytes)
1734265434.613223 sending message 109 to peer 0x55d8ff8a18d0 (4 bytes)
1734265434.613225 sending message 102 to peer 0x55d8ff8a18d0 (11 bytes)
1734265434.613227 sending message 108 to peer 0x55d8ff8a18d0 (37 bytes)
1734265434.613229 sending message 112 to peer 0x55d8ff8a18d0 (58 bytes)
1734265434.613232 sending message 112 to peer 0x55d8ff8a18d0 (5 bytes)
1734265434.613233 sending message 112 to peer 0x55d8ff8a18d0 (5 bytes)
1734265434.613235 sending message 112 to peer 0x55d8ff8a18d0 (6 bytes)
1734265434.613237 sending message 112 to peer 0x55d8ff8a18d0 (6 bytes)
1734265434.613240 sending message 112 to peer 0x55d8ff8a18d0 (11 bytes)
1734265434.613242 sending message 112 to peer 0x55d8ff8a18d0 (10 bytes)
1734265434.613244 sending message 112 to peer 0x55d8ff8a18d0 (13 bytes)
1734265434.613246 sending message 112 to peer 0x55d8ff8a18d0 (14 bytes)
1734265434.613248 sending message 112 to peer 0x55d8ff8a18d0 (19 bytes)
1734265434.613250 sending message 112 to peer 0x55d8ff8a18d0 (11 bytes)
1734265434.613252 sending message 112 to peer 0x55d8ff8a18d0 (10 bytes)
1734265434.613254 sending message 112 to peer 0x55d8ff8a18d0 (15 bytes)
1734265434.613256 sending message 112 to peer 0x55d8ff8a18d0 (21 bytes)
1734265434.613258 sending message 112 to peer 0x55d8ff8a18d0 (13 bytes)
1734265434.613260 sending message 112 to peer 0x55d8ff8a18d0 (7 bytes)
1734265434.613263 sending message 112 to peer 0x55d8ff8a18d0 (13 bytes)
1734265434.613264 sending message 112 to peer 0x55d8ff8a18d0 (7 bytes)
1734265434.613267 sending message 112 to peer 0x55d8ff8a18d0 (13 bytes)
1734265434.613268 sending message 112 to peer 0x55d8ff8a18d0 (9 bytes)
1734265434.613270 sending message 112 to peer 0x55d8ff8a18d0 (21 bytes)
1734265434.613273 sending message 112 to peer 0x55d8ff8a18d0 (13 bytes)
1734265434.613275 sending message 112 to peer 0x55d8ff8a18d0 (9 bytes)
1734265434.613277 sending message 112 to peer 0x55d8ff8a18d0 (16 bytes)
1734265434.613279 sending message 112 to peer 0x55d8ff8a18d0 (13 bytes)
1734265434.613281 sending message 112 to peer 0x55d8ff8a18d0 (9 bytes)
1734265434.613283 sending message 112 to peer 0x55d8ff8a18d0 (9 bytes)
1734265434.613285 sending message 112 to peer 0x55d8ff8a18d0 (12 bytes)
1734265434.613287 sending message 112 to peer 0x55d8ff8a18d0 (8 bytes)
1734265434.613289 sending message 112 to peer 0x55d8ff8a18d0 (8 bytes)
1734265434.613291 sending message 112 to peer 0x55d8ff8a18d0 (13 bytes)
1734265434.613293 sending message 112 to peer 0x55d8ff8a18d0 (7 bytes)
1734265434.613295 sending message 112 to peer 0x55d8ff8a18d0 (7 bytes)
1734265434.613297 sending message 112 to peer 0x55d8ff8a18d0 (9 bytes)
1734265434.613299 sending message 112 to peer 0x55d8ff8a18d0 (9 bytes)
1734265434.613301 sending message 112 to peer 0x55d8ff8a18d0 (15 bytes)
1734265434.613304 sending message 112 to peer 0x55d8ff8a18d0 (13 bytes)
1734265434.613306 sending message 112 to peer 0x55d8ff8a18d0 (12 bytes)
1734265434.613308 sending message 112 to peer 0x55d8ff8a18d0 (8 bytes)
1734265434.613310 sending message 112 to peer 0x55d8ff8a18d0 (14 bytes)
1734265434.613312 sending message 112 to peer 0x55d8ff8a18d0 (11 bytes)
1734265434.613319 sending message 112 to peer 0x55d8ff8a18d0 (9 bytes)
1734265434.613321 sending message 112 to peer 0x55d8ff8a18d0 (10 bytes)
1734265434.613323 sending message 112 to peer 0x55d8ff8a18d0 (10 bytes)
1734265434.613325 sending message 112 to peer 0x55d8ff8a18d0 (10 bytes)
1734265434.613327 sending message 112 to peer 0x55d8ff8a18d0 (10 bytes)
1734265434.613329 sending message 112 to peer 0x55d8ff8a18d0 (11 bytes)
1734265434.613331 sending message 112 to peer 0x55d8ff8a18d0 (12 bytes)
1734265434.613334 sending message 112 to peer 0x55d8ff8a18d0 (12 bytes)
1734265434.613336 sending message 112 to peer 0x55d8ff8a18d0 (12 bytes)
1734265434.613338 sending message 112 to peer 0x55d8ff8a18d0 (12 bytes)
1734265434.613340 sending message 112 to peer 0x55d8ff8a18d0 (12 bytes)
1734265434.613342 sending message 112 to peer 0x55d8ff8a18d0 (11 bytes)
1734265434.613344 sending message 112 to peer 0x55d8ff8a18d0 (11 bytes)
1734265434.613346 sending message 112 to peer 0x55d8ff8a18d0 (12 bytes)
1734265434.613348 sending message 112 to peer 0x55d8ff8a18d0 (12 bytes)
1734265434.613350 sending message 112 to peer 0x55d8ff8a18d0 (12 bytes)
1734265434.613353 sending message 112 to peer 0x55d8ff8a18d0 (12 bytes)
1734265434.613355 sending message 112 to peer 0x55d8ff8a18d0 (12 bytes)
1734265434.613357 sending message 112 to peer 0x55d8ff8a18d0 (9 bytes)
1734265434.613359 sending message 112 to peer 0x55d8ff8a18d0 (12 bytes)
1734265434.613361 sending message 112 to peer 0x55d8ff8a18d0 (13 bytes)
1734265434.613363 sending message 112 to peer 0x55d8ff8a18d0 (13 bytes)
1734265434.613365 sending message 112 to peer 0x55d8ff8a18d0 (13 bytes)
1734265434.613367 sending message 112 to peer 0x55d8ff8a18d0 (13 bytes)
1734265434.613369 sending message 112 to peer 0x55d8ff8a18d0 (13 bytes)
1734265434.613371 sending message 112 to peer 0x55d8ff8a18d0 (8 bytes)
1734265434.613374 sending message 112 to peer 0x55d8ff8a18d0 (11 bytes)
1734265434.613376 sending message 112 to peer 0x55d8ff8a18d0 (11 bytes)
1734265434.613378 sending message 112 to peer 0x55d8ff8a18d0 (11 bytes)
1734265434.613380 sending message 112 to peer 0x55d8ff8a18d0 (12 bytes)
1734265434.613382 sending message 112 to peer 0x55d8ff8a18d0 (12 bytes)
1734265434.613384 sending message 112 to peer 0x55d8ff8a18d0 (12 bytes)
1734265434.613386 sending message 112 to peer 0x55d8ff8a18d0 (12 bytes)
1734265434.613388 sending message 112 to peer 0x55d8ff8a18d0 (13 bytes)
1734265434.613390 sending message 112 to peer 0x55d8ff8a18d0 (13 bytes)
1734265434.613392 sending message 112 to peer 0x55d8ff8a18d0 (13 bytes)
1734265434.613394 sending message 112 to peer 0x55d8ff8a18d0 (8 bytes)
1734265434.613396 sending message 112 to peer 0x55d8ff8a18d0 (13 bytes)
1734265434.613398 sending message 112 to peer 0x55d8ff8a18d0 (13 bytes)
1734265434.613400 sending message 112 to peer 0x55d8ff8a18d0 (13 bytes)
1734265434.613402 sending message 112 to peer 0x55d8ff8a18d0 (13 bytes)
1734265434.613404 sending message 112 to peer 0x55d8ff8a18d0 (13 bytes)
1734265434.613407 sending message 112 to peer 0x55d8ff8a18d0 (12 bytes)
1734265434.613409 sending message 112 to peer 0x55d8ff8a18d0 (12 bytes)
1734265434.613410 sending message 112 to peer 0x55d8ff8a18d0 (12 bytes)
1734265434.613413 sending message 112 to peer 0x55d8ff8a18d0 (12 bytes)
1734265434.613415 sending message 112 to peer 0x55d8ff8a18d0 (13 bytes)
1734265434.613417 sending message 112 to peer 0x55d8ff8a18d0 (8 bytes)
1734265434.613419 sending message 112 to peer 0x55d8ff8a18d0 (13 bytes)
1734265434.613421 sending message 112 to peer 0x55d8ff8a18d0 (13 bytes)
1734265434.613423 sending message 112 to peer 0x55d8ff8a18d0 (13 bytes)
1734265434.613425 sending message 112 to peer 0x55d8ff8a18d0 (13 bytes)
1734265434.613427 sending message 112 to peer 0x55d8ff8a18d0 (13 bytes)
1734265434.613429 sending message 112 to peer 0x55d8ff8a18d0 (13 bytes)
1734265434.613431 sending message 112 to peer 0x55d8ff8a18d0 (13 bytes)
1734265434.613433 sending message 112 to peer 0x55d8ff8a18d0 (12 bytes)
1734265434.613435 sending message 112 to peer 0x55d8ff8a18d0 (12 bytes)
1734265434.613439 sending message 112 to peer 0x55d8ff8a18d0 (12 bytes)
1734265434.613441 sending message 112 to peer 0x55d8ff8a18d0 (8 bytes)
1734265434.613444 sending message 112 to peer 0x55d8ff8a18d0 (12 bytes)
1734265434.613446 sending message 112 to peer 0x55d8ff8a18d0 (13 bytes)
1734265434.613448 sending message 112 to peer 0x55d8ff8a18d0 (13 bytes)
1734265434.613450 sending message 112 to peer 0x55d8ff8a18d0 (13 bytes)
1734265434.613452 sending message 112 to peer 0x55d8ff8a18d0 (13 bytes)
1734265434.613454 sending message 112 to peer 0x55d8ff8a18d0 (13 bytes)
1734265434.613456 sending message 112 to peer 0x55d8ff8a18d0 (13 bytes)
1734265434.613458 sending message 112 to peer 0x55d8ff8a18d0 (13 bytes)
1734265434.613460 sending message 112 to peer 0x55d8ff8a18d0 (13 bytes)
1734265434.613462 sending message 112 to peer 0x55d8ff8a18d0 (12 bytes)
1734265434.613464 sending message 112 to peer 0x55d8ff8a18d0 (10 bytes)
1734265434.613466 sending message 112 to peer 0x55d8ff8a18d0 (12 bytes)
1734265434.613468 sending message 112 to peer 0x55d8ff8a18d0 (12 bytes)
1734265434.613470 sending message 112 to peer 0x55d8ff8a18d0 (12 bytes)
1734265434.613472 sending message 112 to peer 0x55d8ff8a18d0 (13 bytes)
1734265434.613475 sending message 112 to peer 0x55d8ff8a18d0 (13 bytes)
1734265434.613477 sending message 112 to peer 0x55d8ff8a18d0 (13 bytes)
1734265434.613479 sending message 112 to peer 0x55d8ff8a18d0 (13 bytes)
1734265434.613481 sending message 112 to peer 0x55d8ff8a18d0 (13 bytes)
1734265434.613483 sending message 112 to peer 0x55d8ff8a18d0 (13 bytes)
1734265434.613485 sending message 112 to peer 0x55d8ff8a18d0 (13 bytes)
1734265434.613487 sending message 112 to peer 0x55d8ff8a18d0 (10 bytes)
1734265434.613489 sending message 112 to peer 0x55d8ff8a18d0 (13 bytes)
1734265434.613562 sending message 112 to peer 0x55d8ff8a18d0 (12 bytes)
1734265434.613567 sending message 112 to peer 0x55d8ff8a18d0 (12 bytes)
1734265434.613570 sending message 112 to peer 0x55d8ff8a18d0 (12 bytes)
1734265434.613572 sending message 112 to peer 0x55d8ff8a18d0 (10 bytes)
1734265434.613574 sending message 112 to peer 0x55d8ff8a18d0 (10 bytes)
1734265434.613576 sending message 112 to peer 0x55d8ff8a18d0 (10 bytes)
1734265434.613578 sending message 112 to peer 0x55d8ff8a18d0 (12 bytes)
1734265434.613581 sending message 112 to peer 0x55d8ff8a18d0 (13 bytes)
1734265434.613583 sending message 112 to peer 0x55d8ff8a18d0 (13 bytes)
1734265434.613585 sending message 112 to peer 0x55d8ff8a18d0 (13 bytes)
1734265434.613587 sending message 112 to peer 0x55d8ff8a18d0 (13 bytes)
1734265434.613589 sending message 112 to peer 0x55d8ff8a18d0 (13 bytes)
1734265434.613591 sending message 112 to peer 0x55d8ff8a18d0 (10 bytes)
1734265434.613594 sending message 112 to peer 0x55d8ff8a18d0 (11 bytes)
1734265434.613596 sending message 112 to peer 0x55d8ff8a18d0 (12 bytes)
1734265434.613598 sending message 112 to peer 0x55d8ff8a18d0 (12 bytes)
1734265434.613600 sending message 112 to peer 0x55d8ff8a18d0 (12 bytes)
1734265434.613602 sending message 112 to peer 0x55d8ff8a18d0 (12 bytes)
1734265434.613604 sending message 112 to peer 0x55d8ff8a18d0 (12 bytes)
1734265434.613607 sending message 112 to peer 0x55d8ff8a18d0 (11 bytes)
1734265434.613609 sending message 112 to peer 0x55d8ff8a18d0 (12 bytes)
1734265434.613611 sending message 112 to peer 0x55d8ff8a18d0 (12 bytes)
1734265434.613613 sending message 112 to peer 0x55d8ff8a18d0 (13 bytes)
1734265434.613615 sending message 112 to peer 0x55d8ff8a18d0 (13 bytes)
1734265434.613617 sending message 112 to peer 0x55d8ff8a18d0 (13 bytes)
1734265434.613620 sending message 112 to peer 0x55d8ff8a18d0 (13 bytes)
1734265434.613622 sending message 112 to peer 0x55d8ff8a18d0 (13 bytes)
1734265434.613624 sending message 112 to peer 0x55d8ff8a18d0 (10 bytes)
1734265434.613626 sending message 112 to peer 0x55d8ff8a18d0 (9 bytes)
1734265434.613628 sending message 112 to peer 0x55d8ff8a18d0 (12 bytes)
1734265434.613631 sending message 112 to peer 0x55d8ff8a18d0 (13 bytes)
1734265434.613633 sending message 112 to peer 0x55d8ff8a18d0 (13 bytes)
1734265434.613637 sending message 112 to peer 0x55d8ff8a18d0 (13 bytes)
1734265434.613640 sending message 112 to peer 0x55d8ff8a18d0 (13 bytes)
1734265434.613642 sending message 112 to peer 0x55d8ff8a18d0 (13 bytes)
1734265434.613644 sending message 112 to peer 0x55d8ff8a18d0 (9 bytes)
1734265434.613646 sending message 112 to peer 0x55d8ff8a18d0 (12 bytes)
1734265434.613648 sending message 112 to peer 0x55d8ff8a18d0 (13 bytes)
1734265434.613651 sending message 112 to peer 0x55d8ff8a18d0 (13 bytes)
1734265434.613653 sending message 112 to peer 0x55d8ff8a18d0 (13 bytes)
1734265434.613655 sending message 112 to peer 0x55d8ff8a18d0 (13 bytes)
1734265434.613657 sending message 112 to peer 0x55d8ff8a18d0 (13 bytes)
1734265434.613659 sending message 112 to peer 0x55d8ff8a18d0 (11 bytes)
1734265434.613662 sending message 112 to peer 0x55d8ff8a18d0 (12 bytes)
1734265434.613767 sending message 112 to peer 0x55d8ff8a18d0 (13 bytes)
1734265434.613770 sending message 112 to peer 0x55d8ff8a18d0 (13 bytes)
1734265434.613772 sending message 112 to peer 0x55d8ff8a18d0 (13 bytes)
1734265434.613774 sending message 112 to peer 0x55d8ff8a18d0 (13 bytes)
1734265434.613776 sending message 112 to peer 0x55d8ff8a18d0 (13 bytes)
1734265434.613779 sending message 112 to peer 0x55d8ff8a18d0 (11 bytes)
1734265434.613781 sending message 112 to peer 0x55d8ff8a18d0 (12 bytes)
1734265434.613783 sending message 112 to peer 0x55d8ff8a18d0 (12 bytes)
1734265434.613785 sending message 112 to peer 0x55d8ff8a18d0 (12 bytes)
1734265434.613788 sending message 112 to peer 0x55d8ff8a18d0 (12 bytes)
1734265434.613790 sending message 112 to peer 0x55d8ff8a18d0 (12 bytes)
1734265434.613792 sending message 112 to peer 0x55d8ff8a18d0 (21 bytes)
1734265434.613794 sending message 112 to peer 0x55d8ff8a18d0 (12 bytes)
1734265434.613796 sending message 112 to peer 0x55d8ff8a18d0 (9 bytes)
1734265434.613799 sending message 112 to peer 0x55d8ff8a18d0 (6 bytes)
1734265434.613801 sending message 112 to peer 0x55d8ff8a18d0 (13 bytes)
1734265434.613803 sending message 112 to peer 0x55d8ff8a18d0 (10 bytes)
1734265434.613806 sending message 112 to peer 0x55d8ff8a18d0 (24 bytes)
1734265434.613808 sending message 112 to peer 0x55d8ff8a18d0 (13 bytes)
1734265434.613810 sending message 112 to peer 0x55d8ff8a18d0 (9 bytes)
1734265434.613813 sending message 112 to peer 0x55d8ff8a18d0 (70 bytes)
1734265434.613815 sending message 112 to peer 0x55d8ff8a18d0 (69 bytes)
1734265434.613817 sending message 112 to peer 0x55d8ff8a18d0 (12 bytes)
1734265434.613819 sending message 112 to peer 0x55d8ff8a18d0 (10 bytes)
1734265434.613821 sending message 112 to peer 0x55d8ff8a18d0 (10 bytes)
1734265434.613824 sending message 112 to peer 0x55d8ff8a18d0 (24 bytes)
1734265434.613826 sending message 112 to peer 0x55d8ff8a18d0 (13 bytes)
1734265434.613828 sending message 112 to peer 0x55d8ff8a18d0 (10 bytes)
1734265434.613830 sending message 112 to peer 0x55d8ff8a18d0 (10 bytes)
1734265434.613833 sending message 112 to peer 0x55d8ff8a18d0 (10 bytes)
1734265434.613835 sending message 112 to peer 0x55d8ff8a18d0 (13 bytes)
1734265434.613837 sending message 112 to peer 0x55d8ff8a18d0 (15 bytes)
1734265434.613839 sending message 112 to peer 0x55d8ff8a18d0 (5 bytes)
1734265434.613842 sending message 104 to peer 0x55d8ff8a18d0 (0 bytes)
1734265434.613844 sending message 110 to peer 0x55d8ff8a18d0 (0 bytes)
1734265434.613847 sending message 107 to peer 0x55d8ff8a18d0 (4 bytes)
1734265434.613849 sending message 105 to peer 0x55d8ff8a18d0 (22 bytes)
1734265434.613852 sending message 105 to peer 0x55d8ff8a18d0 (41 bytes)
1734265434.613854 sending message 105 to peer 0x55d8ff8a18d0 (82 bytes)
1734265434.613856 sending message 105 to peer 0x55d8ff8a18d0 (86 bytes)
1734265434.613859 sending message 105 to peer 0x55d8ff8a18d0 (17 bytes)
1734265434.613861 sending message 105 to peer 0x55d8ff8a18d0 (33 bytes)
1734265434.613863 sending message 105 to peer 0x55d8ff8a18d0 (41 bytes)
1734265434.613865 sending message 105 to peer 0x55d8ff8a18d0 (26 bytes)
1734265434.613868 sending message 105 to peer 0x55d8ff8a18d0 (18 bytes)
1734265434.613873 sending message 105 to peer 0x55d8ff8a18d0 (13 bytes)
1734265434.613875 sending message 105 to peer 0x55d8ff8a18d0 (23 bytes)
1734265434.613878 sending message 105 to peer 0x55d8ff8a18d0 (23 bytes)
1734265434.613880 sending message 105 to peer 0x55d8ff8a18d0 (29 bytes)
1734265434.613882 sending message 105 to peer 0x55d8ff8a18d0 (19 bytes)
1734265434.613884 sending message 105 to peer 0x55d8ff8a18d0 (54 bytes)
1734265434.613887 sending message 105 to peer 0x55d8ff8a18d0 (16 bytes)
1734265434.613889 sending message 105 to peer 0x55d8ff8a18d0 (28 bytes)
1734265434.613891 sending message 105 to peer 0x55d8ff8a18d0 (17 bytes)
1734265434.613893 sending message 105 to peer 0x55d8ff8a18d0 (27 bytes)
1734265434.613896 sending message 105 to peer 0x55d8ff8a18d0 (35 bytes)
1734265434.613898 sending message 105 to peer 0x55d8ff8a18d0 (19 bytes)
1734265434.613900 sending message 105 to peer 0x55d8ff8a18d0 (44 bytes)
1734265434.613902 sending message 105 to peer 0x55d8ff8a18d0 (23 bytes)
1734265434.613904 sending message 105 to peer 0x55d8ff8a18d0 (16 bytes)
1734265434.613906 sending message 105 to peer 0x55d8ff8a18d0 (30 bytes)
1734265434.613909 sending message 105 to peer 0x55d8ff8a18d0 (231 bytes)
1734265434.613911 sending message 105 to peer 0x55d8ff8a18d0 (51 bytes)
1734265434.613914 sending message 105 to peer 0x55d8ff8a18d0 (20 bytes)
1734265434.613916 sending message 105 to peer 0x55d8ff8a18d0 (15 bytes)
1734265434.613918 sending message 105 to peer 0x55d8ff8a18d0 (144 bytes)
1734265434.613920 sending message 105 to peer 0x55d8ff8a18d0 (25 bytes)
1734265434.613923 sending message 105 to peer 0x55d8ff8a18d0 (32 bytes)
1734265434.613925 sending message 105 to peer 0x55d8ff8a18d0 (31 bytes)
1734265434.613927 sending message 105 to peer 0x55d8ff8a18d0 (17 bytes)
1734265434.613929 sending message 105 to peer 0x55d8ff8a18d0 (20 bytes)
1734265434.613931 sending message 105 to peer 0x55d8ff8a18d0 (54 bytes)
1734265434.613934 sending message 105 to peer 0x55d8ff8a18d0 (67 bytes)
1734265434.613936 sending message 105 to peer 0x55d8ff8a18d0 (23 bytes)
1734265434.613938 sending message 105 to peer 0x55d8ff8a18d0 (20 bytes)
1734265434.613941 sending message 105 to peer 0x55d8ff8a18d0 (18 bytes)
1734265434.613943 sending message 105 to peer 0x55d8ff8a18d0 (11 bytes)
1734265434.613945 sending message 105 to peer 0x55d8ff8a18d0 (8 bytes)
1734265434.613947 sending message 105 to peer 0x55d8ff8a18d0 (29 bytes)
1734265434.613949 sending message 105 to peer 0x55d8ff8a18d0 (11 bytes)
1734265434.613952 sending message 105 to peer 0x55d8ff8a18d0 (8 bytes)
1734265434.613954 sending message 105 to peer 0x55d8ff8a18d0 (32 bytes)
1734265434.613956 sending message 105 to peer 0x55d8ff8a18d0 (1817 bytes)
1734265434.613969 sending message 105 to peer 0x55d8ff8a18d0 (27 bytes)
1734265434.613972 sending message 105 to peer 0x55d8ff8a18d0 (16 bytes)
1734265434.613974 sending message 105 to peer 0x55d8ff8a18d0 (53 bytes)
1734265434.613976 sending message 105 to peer 0x55d8ff8a18d0 (62 bytes)
1734265434.613979 sending message 106 to peer 0x55d8ff8a18d0 (0 bytes)
1734265434.614017 sending message 200 to peer 0x55d8ff8a18d0 (4 bytes)
1734265434.614019 client loop enter
1734265434.614031 client_signal: Child exited
1734265434.647546 peer 0x55d8ff8a18d0 message 207
1734265434.647553 sending message 208 to peer 0x55d8ff8a18d0 (0 bytes)
1734265440.552586 peer 0x55d8ff8a18d0 message 203
1734265440.552593 sending message 205 to peer 0x55d8ff8a18d0 (0 bytes)
1734265440.552725 peer 0x55d8ff8a18d0 message 204
1734265440.552728 client loop exit
